killall -9 csi || true
csi: no process found
cd /home/alexej/code/octo/eggs/readline/trunk/../trunk; \
  sudo CFLAGS="" /usr/bin/chicken-install -trunk
retrieving ...
checking platform for `readline' ...
checking dependencies for `readline' ...
install order:
("readline")
installing readline: ...
changing current directory to .
  '/usr/bin/csi' -bnq -setup-mode -e "(require-library setup-api)" -e "(import setup-api)" -e "(setup-error-handling)" -e "(extension-name-and-version '(\"readline\" \"\"))" 'readline.setup'
rm -f ./readline-static.o
rm -f readline-test
rm -f readline.c
trying: -lreadline -lhistory -ltermcap
  '/usr/bin/csc' -feature compiling-extension -setup-mode    readline-test.scm -C -D_GNU_SOURCE=1 -C -std=gnu99 -C  -lreadline -lhistory -ltermcap
/usr/bin/ld: cannot find -ltermcap
collect2: error: ld returned 1 exit status

Error: shell command terminated with non-zero exit status 256: 'gcc' 'readline-test.o' -o 'readline-test' -lhistory -ltermcap -L"/usr/lib"  -Wl,-R"/usr/lib" -lchicken -lm -ldl
trying: -lreadline -lhistory -lcurses
  '/usr/bin/csc' -feature compiling-extension -setup-mode    readline-test.scm -C -D_GNU_SOURCE=1 -C -std=gnu99 -C  -lreadline -lhistory -lcurses
readline-test.o: In function `f_226':
readline-test.c:(.text+0x435): undefined reference to `readline'
readline-test.o: In function `f_249':
readline-test.c:(.text+0xc1d): undefined reference to `rl_refresh_line'
collect2: error: ld returned 1 exit status

Error: shell command terminated with non-zero exit status 256: 'gcc' 'readline-test.o' -o 'readline-test' -lhistory -lcurses -L"/usr/lib"  -Wl,-R"/usr/lib" -lchicken -lm -ldl
trying: -lreadline -lhistory -lncurses
  '/usr/bin/csc' -feature compiling-extension -setup-mode    readline-test.scm -C -D_GNU_SOURCE=1 -C -std=gnu99 -C  -lreadline -lhistory -lncurses
readline-test.o: In function `f_226':
readline-test.c:(.text+0x435): undefined reference to `readline'
readline-test.o: In function `f_249':
readline-test.c:(.text+0xc1d): undefined reference to `rl_refresh_line'
collect2: error: ld returned 1 exit status

Error: shell command terminated with non-zero exit status 256: 'gcc' 'readline-test.o' -o 'readline-test' -lhistory -lncurses -L"/usr/lib"  -Wl,-R"/usr/lib" -lchicken -lm -ldl
trying: -lreadline -ltermcap
  '/usr/bin/csc' -feature compiling-extension -setup-mode    readline-test.scm -C -D_GNU_SOURCE=1 -C -std=gnu99 -C  -lreadline -ltermcap
/usr/bin/ld: cannot find -ltermcap
collect2: error: ld returned 1 exit status

Error: shell command terminated with non-zero exit status 256: 'gcc' 'readline-test.o' -o 'readline-test' -ltermcap -L"/usr/lib"  -Wl,-R"/usr/lib" -lchicken -lm -ldl
trying: -lreadline -lcurses
  '/usr/bin/csc' -feature compiling-extension -setup-mode    readline-test.scm -C -D_GNU_SOURCE=1 -C -std=gnu99 -C  -lreadline -lcurses
readline-test.o: In function `f_226':
readline-test.c:(.text+0x435): undefined reference to `readline'
readline-test.o: In function `f_249':
readline-test.c:(.text+0xc1d): undefined reference to `rl_refresh_line'
readline-test.o: In function `f_240':
readline-test.c:(.text+0xc55): undefined reference to `add_history'
collect2: error: ld returned 1 exit status

Error: shell command terminated with non-zero exit status 256: 'gcc' 'readline-test.o' -o 'readline-test' -lcurses -L"/usr/lib"  -Wl,-R"/usr/lib" -lchicken -lm -ldl
trying: -lreadline -lhistory
  '/usr/bin/csc' -feature compiling-extension -setup-mode    readline-test.scm -C -D_GNU_SOURCE=1 -C -std=gnu99 -C  -lreadline -lhistory
readline-test.o: In function `f_226':
readline-test.c:(.text+0x435): undefined reference to `readline'
readline-test.o: In function `f_249':
readline-test.c:(.text+0xc1d): undefined reference to `rl_refresh_line'
collect2: error: ld returned 1 exit status

Error: shell command terminated with non-zero exit status 256: 'gcc' 'readline-test.o' -o 'readline-test' -lhistory -L"/usr/lib"  -Wl,-R"/usr/lib" -lchicken -lm -ldl
trying: -lreadline -lncurses
  '/usr/bin/csc' -feature compiling-extension -setup-mode    readline-test.scm -C -D_GNU_SOURCE=1 -C -std=gnu99 -C  -lreadline -lncurses
readline-test.o: In function `f_226':
readline-test.c:(.text+0x435): undefined reference to `readline'
readline-test.o: In function `f_249':
readline-test.c:(.text+0xc1d): undefined reference to `rl_refresh_line'
readline-test.o: In function `f_240':
readline-test.c:(.text+0xc55): undefined reference to `add_history'
collect2: error: ld returned 1 exit status

Error: shell command terminated with non-zero exit status 256: 'gcc' 'readline-test.o' -o 'readline-test' -lncurses -L"/usr/lib"  -Wl,-R"/usr/lib" -lchicken -lm -ldl
trying: -lreadline
  '/usr/bin/csc' -feature compiling-extension -setup-mode    readline-test.scm -C -D_GNU_SOURCE=1 -C -std=gnu99 -C  -lreadline
readline-test.o: In function `f_226':
readline-test.c:(.text+0x435): undefined reference to `readline'
readline-test.o: In function `f_249':
readline-test.c:(.text+0xc1d): undefined reference to `rl_refresh_line'
readline-test.o: In function `f_240':
readline-test.c:(.text+0xc55): undefined reference to `add_history'
collect2: error: ld returned 1 exit status

Error: shell command terminated with non-zero exit status 256: 'gcc' 'readline-test.o' -o 'readline-test' -L"/usr/lib"  -Wl,-R"/usr/lib" -lchicken -lm -ldl

Error: This extension requires GNU readline.  GNU readline may be found at ftp://ftp.gnu.org/pub/gnu/readline
For more information, please consult http://wiki.call-cc.org/egg/readline#installation-problems



Error: shell command terminated with nonzero exit code
17920
"'/usr/bin/csi' -bnq -setup-mode -e \"(require-library setup-api)\" -e \"(import...
Makefile:26: recipe for target 'build' failed
make: *** [build] Error 1
